<?xml version="1.0" encoding="UTF-8"?>
<!-- Generated by org.testng.reporters.JUnitXMLReporter -->
<testsuite hostname="DESKTOP-JBM7397" ignored="0" name="D:/Task" tests="1" failures="1" timestamp="27 окт 2021 01:30:36 GMT" time="20.188" errors="0">
  <testcase name="testOne" time="19.759" classname="test.caseone.TestCaseOne">
    <failure type="java.lang.AssertionError" message="expected [130 934 ₽] but found [110 466 ₽]">
      <![CDATA[java.lang.AssertionError: expected [130 934 ₽] but found [110 466 ₽]
at com.rshb.autotests.pages.RSHB.LoanCalculationPage.ComparisonOfPreliminaryCalculation(LoanCalculationPage.java:51)
at test.caseone.TestCaseOne.testOne(TestCaseOne.java:19)
... Removed 35 stack frames]]>
    </failure>
  </testcase> <!-- testOne -->
</testsuite> <!-- D:/Task -->
